<?xml version="1.0" encoding="UTF-8"?>
<testsuite name="dev.bigoh.FirstBadVersionTest" tests="1" skipped="0" failures="0" errors="0" timestamp="2022-01-20T22:32:42" hostname="Apples-MacBook-Pro.local" time="0.013">
  <properties/>
  <testcase name="firstBadVersion()" classname="dev.bigoh.FirstBadVersionTest" time="0.013"/>
  <system-out><![CDATA[]]></system-out>
  <system-err><![CDATA[]]></system-err>
</testsuite>
